<?xml version="1.0" encoding="UTF-8"?>
<coverage generated="1776855347428" clover="3.2.0">
  <project timestamp="1776855347428" name="All files">
    <metrics statements="29" coveredstatements="25" conditionals="8" coveredconditionals="5" methods="10" coveredmethods="9" elements="47" coveredelements="39" complexity="0" loc="29" ncloc="29" packages="1" files="1" classes="1"/>
    <file name="musicApp.ts" path="/home/usuario/prct10-express-videogames-app-EduardoSocas378/src/ejercicio-pe101/musicApp.ts">
      <metrics statements="29" coveredstatements="25" conditionals="8" coveredconditionals="5" methods="10" coveredmethods="9"/>
      <line num="8" count="1" type="stmt"/>
      <line num="9" count="4" type="stmt"/>
      <line num="10" count="4" type="stmt"/>
      <line num="11" count="4" type="stmt"/>
      <line num="12" count="4" type="stmt"/>
      <line num="13" count="4" type="cond" truecount="1" falsecount="1"/>
      <line num="14" count="0" type="stmt"/>
      <line num="15" count="4" type="cond" truecount="2" falsecount="0"/>
      <line num="16" count="2" type="stmt"/>
      <line num="18" count="2" type="stmt"/>
      <line num="19" count="2" type="stmt"/>
      <line num="23" count="2" type="stmt"/>
      <line num="34" count="1" type="stmt"/>
      <line num="35" count="2" type="stmt"/>
      <line num="36" count="2" type="stmt"/>
      <line num="37" count="2" type="stmt"/>
      <line num="38" count="2" type="cond" truecount="1" falsecount="1"/>
      <line num="39" count="0" type="stmt"/>
      <line num="40" count="2" type="cond" truecount="1" falsecount="1"/>
      <line num="41" count="0" type="stmt"/>
      <line num="43" count="2" type="stmt"/>
      <line num="44" count="2" type="stmt"/>
      <line num="45" count="100" type="stmt"/>
      <line num="49" count="2" type="stmt"/>
      <line num="55" count="1" type="stmt"/>
      <line num="56" count="1" type="stmt"/>
      <line num="57" count="1" type="stmt"/>
      <line num="59" count="1" type="stmt"/>
      <line num="61" count="0" type="stmt"/>
    </file>
  </project>
</coverage>
