{"/home/usuario/prct10-express-videogames-app-EduardoSocas378/src/ejercicio-pe101/musicApp.ts": {"path":"/home/usuario/prct10-express-videogames-app-EduardoSocas378/src/ejercicio-pe101/musicApp.ts","statementMap":{"0":{"start":{"line":8,"column":13},"end":{"line":26,"column":null}},"1":{"start":{"line":9,"column":27},"end":{"line":9,"column":57}},"2":{"start":{"line":10,"column":14},"end":{"line":10,"column":null}},"3":{"start":{"line":11,"column":2},"end":{"line":26,"column":null}},"4":{"start":{"line":12,"column":4},"end":{"line":25,"column":null}},"5":{"start":{"line":13,"column":6},"end":{"line":23,"column":null}},"6":{"start":{"line":14,"column":8},"end":{"line":14,"column":null}},"7":{"start":{"line":15,"column":17},"end":{"line":23,"column":null}},"8":{"start":{"line":16,"column":8},"end":{"line":16,"column":null}},"9":{"start":{"line":18,"column":27},"end":{"line":18,"column":null}},"10":{"start":{"line":19,"column":23},"end":{"line":22,"column":null}},"11":{"start":{"line":23,"column":8},"end":{"line":23,"column":null}},"12":{"start":{"line":34,"column":13},"end":{"line":52,"column":null}},"13":{"start":{"line":35,"column":14},"end":{"line":35,"column":null}},"14":{"start":{"line":36,"column":2},"end":{"line":52,"column":null}},"15":{"start":{"line":37,"column":4},"end":{"line":51,"column":null}},"16":{"start":{"line":38,"column":6},"end":{"line":49,"column":null}},"17":{"start":{"line":39,"column":8},"end":{"line":39,"column":null}},"18":{"start":{"line":40,"column":17},"end":{"line":49,"column":null}},"19":{"start":{"line":41,"column":8},"end":{"line":41,"column":null}},"20":{"start":{"line":43,"column":27},"end":{"line":43,"column":null}},"21":{"start":{"line":44,"column":8},"end":{"line":44,"column":null}},"22":{"start":{"line":45,"column":23},"end":{"line":48,"column":11}},"23":{"start":{"line":45,"column":56},"end":{"line":48,"column":11}},"24":{"start":{"line":49,"column":8},"end":{"line":49,"column":null}},"25":{"start":{"line":55,"column":0},"end":{"line":61,"column":null}},"26":{"start":{"line":56,"column":2},"end":{"line":56,"column":null}},"27":{"start":{"line":57,"column":2},"end":{"line":57,"column":null}},"28":{"start":{"line":59,"column":2},"end":{"line":59,"column":null}},"29":{"start":{"line":61,"column":2},"end":{"line":61,"column":null}}},"fnMap":{"0":{"name":"(anonymous_0)","decl":{"start":{"line":8,"column":13},"end":{"line":8,"column":27}},"loc":{"start":{"line":8,"column":52},"end":{"line":26,"column":null}},"line":8},"1":{"name":"(anonymous_1)","decl":{"start":{"line":11,"column":13},"end":{"line":11,"column":22}},"loc":{"start":{"line":11,"column":43},"end":{"line":26,"column":null}},"line":11},"2":{"name":"(anonymous_2)","decl":{"start":{"line":12,"column":35},"end":{"line":12,"column":38}},"loc":{"start":{"line":12,"column":58},"end":{"line":25,"column":null}},"line":12},"3":{"name":"(anonymous_3)","decl":{"start":{"line":34,"column":13},"end":{"line":34,"column":33}},"loc":{"start":{"line":34,"column":54},"end":{"line":52,"column":null}},"line":34},"4":{"name":"(anonymous_4)","decl":{"start":{"line":36,"column":13},"end":{"line":36,"column":22}},"loc":{"start":{"line":36,"column":41},"end":{"line":52,"column":null}},"line":36},"5":{"name":"(anonymous_5)","decl":{"start":{"line":37,"column":34},"end":{"line":37,"column":37}},"loc":{"start":{"line":37,"column":57},"end":{"line":51,"column":null}},"line":37},"6":{"name":"(anonymous_6)","decl":{"start":{"line":45,"column":34},"end":{"line":45,"column":39}},"loc":{"start":{"line":45,"column":56},"end":{"line":48,"column":11}},"line":45},"7":{"name":"(anonymous_7)","decl":{"start":{"line":55,"column":29},"end":{"line":55,"column":35}},"loc":{"start":{"line":55,"column":51},"end":{"line":58,"column":3}},"line":55},"8":{"name":"(anonymous_8)","decl":{"start":{"line":58,"column":3},"end":{"line":58,"column":9}},"loc":{"start":{"line":58,"column":20},"end":{"line":60,"column":3}},"line":58},"9":{"name":"(anonymous_9)","decl":{"start":{"line":60,"column":3},"end":{"line":60,"column":10}},"loc":{"start":{"line":60,"column":20},"end":{"line":61,"column":null}},"line":60}},"branchMap":{"0":{"loc":{"start":{"line":13,"column":6},"end":{"line":23,"column":null}},"type":"if","locations":[{"start":{"line":13,"column":6},"end":{"line":23,"column":null}},{"start":{"line":15,"column":17},"end":{"line":23,"column":null}}],"line":13},"1":{"loc":{"start":{"line":15,"column":17},"end":{"line":23,"column":null}},"type":"if","locations":[{"start":{"line":15,"column":17},"end":{"line":23,"column":null}},{"start":{"line":17,"column":13},"end":{"line":23,"column":null}}],"line":15},"2":{"loc":{"start":{"line":38,"column":6},"end":{"line":49,"column":null}},"type":"if","locations":[{"start":{"line":38,"column":6},"end":{"line":49,"column":null}},{"start":{"line":40,"column":17},"end":{"line":49,"column":null}}],"line":38},"3":{"loc":{"start":{"line":40,"column":17},"end":{"line":49,"column":null}},"type":"if","locations":[{"start":{"line":40,"column":17},"end":{"line":49,"column":null}},{"start":{"line":42,"column":13},"end":{"line":49,"column":null}}],"line":40}},"s":{"0":1,"1":4,"2":4,"3":4,"4":4,"5":4,"6":0,"7":4,"8":2,"9":2,"10":2,"11":2,"12":1,"13":2,"14":2,"15":2,"16":2,"17":0,"18":2,"19":0,"20":2,"21":2,"22":2,"23":100,"24":2,"25":1,"26":1,"27":1,"28":1,"29":0},"f":{"0":4,"1":4,"2":4,"3":2,"4":2,"5":2,"6":100,"7":1,"8":1,"9":0},"b":{"0":[0,4],"1":[2,2],"2":[0,2],"3":[0,2]},"meta":{"lastBranch":4,"lastFunction":10,"lastStatement":30,"seen":{"s:8:13:26:Infinity":0,"f:8:13:8:27":0,"s:9:27:9:57":1,"s:10:14:10:Infinity":2,"s:11:2:26:Infinity":3,"f:11:13:11:22":1,"s:12:4:25:Infinity":4,"f:12:35:12:38":2,"b:13:6:23:Infinity:15:17:23:Infinity":0,"s:13:6:23:Infinity":5,"s:14:8:14:Infinity":6,"b:15:17:23:Infinity:17:13:23:Infinity":1,"s:15:17:23:Infinity":7,"s:16:8:16:Infinity":8,"s:18:27:18:Infinity":9,"s:19:23:22:Infinity":10,"s:23:8:23:Infinity":11,"s:34:13:52:Infinity":12,"f:34:13:34:33":3,"s:35:14:35:Infinity":13,"s:36:2:52:Infinity":14,"f:36:13:36:22":4,"s:37:4:51:Infinity":15,"f:37:34:37:37":5,"b:38:6:49:Infinity:40:17:49:Infinity":2,"s:38:6:49:Infinity":16,"s:39:8:39:Infinity":17,"b:40:17:49:Infinity:42:13:49:Infinity":3,"s:40:17:49:Infinity":18,"s:41:8:41:Infinity":19,"s:43:27:43:Infinity":20,"s:44:8:44:Infinity":21,"s:45:23:48:11":22,"f:45:34:45:39":6,"s:45:56:48:11":23,"s:49:8:49:Infinity":24,"s:55:0:61:Infinity":25,"f:55:29:55:35":7,"s:56:2:56:Infinity":26,"s:57:2:57:Infinity":27,"f:58:3:58:9":8,"s:59:2:59:Infinity":28,"f:60:3:60:10":9,"s:61:2:61:Infinity":29}}}
}
